<?xml version="1.0" encoding="UTF-8"?>
<!-- Generated by org.testng.reporters.JUnitXMLReporter -->
<testsuite hostname="Mahbubs-MacBook-Pro.local" name="Default test" tests="3" failures="0" timestamp="27 Jul 2016 18:46:18 GMT" time="0.063" errors="0">
  <testcase name="openBrowser" time="0.019" classname="com.talentech.testNG.annotations5"/>
  <testcase name="gotoHomePage" time="0.012" classname="com.talentech.testNG.annotations5"/>
  <testcase name="login" time="0.002" classname="com.talentech.testNG.annotations5"/>
</testsuite> <!-- Default test -->
