<?xml version="1.0" encoding="UTF-8"?>
<testng-results skipped="0" failed="0" total="3" passed="3">
  <reporter-output>
  </reporter-output>
  <suite name="Default suite" duration-ms="63" started-at="2016-07-27T18:46:17Z" finished-at="2016-07-27T18:46:17Z">
    <groups>
    </groups>
    <test name="Default test" duration-ms="63" started-at="2016-07-27T18:46:17Z" finished-at="2016-07-27T18:46:17Z">
      <class name="com.talentech.testNG.annotations5">
        <test-method status="PASS" signature="openBrowser()[pri:0, instance:com.talentech.testNG.annotations5@b97c004]" name="openBrowser" duration-ms="19" started-at="2016-07-27T14:46:17Z" finished-at="2016-07-27T14:46:17Z">
          <reporter-output>
          </reporter-output>
        </test-method> <!-- openBrowser -->
        <test-method status="PASS" signature="gotoHomePage()[pri:0, instance:com.talentech.testNG.annotations5@b97c004]" name="gotoHomePage" duration-ms="12" started-at="2016-07-27T14:46:17Z" finished-at="2016-07-27T14:46:17Z">
          <reporter-output>
          </reporter-output>
        </test-method> <!-- gotoHomePage -->
        <test-method status="PASS" signature="login()[pri:0, instance:com.talentech.testNG.annotations5@b97c004]" name="login" duration-ms="2" started-at="2016-07-27T14:46:17Z" depends-on-methods="com.talentech.testNG.annotations5.openBrowser" finished-at="2016-07-27T14:46:17Z">
          <reporter-output>
          </reporter-output>
        </test-method> <!-- login -->
      </class> <!-- com.talentech.testNG.annotations5 -->
    </test> <!-- Default test -->
  </suite> <!-- Default suite -->
</testng-results>
